<?xml version="1.0" encoding="UTF-8"?>
<coverage generated="1603679697921" clover="3.2.0">
  <project timestamp="1603679697921" name="All files">
    <metrics statements="33" coveredstatements="33" conditionals="5" coveredconditionals="5" methods="11" coveredmethods="11" elements="49" coveredelements="49" complexity="0" loc="33" ncloc="33" packages="1" files="2" classes="2"/>
    <file name="scaleUtils.js" path="/home/higor/workspace/hc/scales/api/scaleUtils.js">
      <metrics statements="16" coveredstatements="16" conditionals="4" coveredconditionals="4" methods="6" coveredmethods="6"/>
      <line num="1" count="2" type="stmt"/>
      <line num="3" count="2" type="stmt"/>
      <line num="23" count="2" type="stmt"/>
      <line num="24" count="725" type="stmt"/>
      <line num="33" count="2" type="stmt"/>
      <line num="34" count="111" type="stmt"/>
      <line num="35" count="614" type="stmt"/>
      <line num="37" count="104" type="cond" truecount="2" falsecount="0"/>
      <line num="38" count="1" type="stmt"/>
      <line num="41" count="104" type="stmt"/>
      <line num="50" count="2" type="cond" truecount="2" falsecount="0"/>
      <line num="51" count="3" type="stmt"/>
      <line num="52" count="3" type="stmt"/>
      <line num="53" count="84" type="stmt"/>
      <line num="55" count="3" type="stmt"/>
      <line num="58" count="2" type="stmt"/>
    </file>
    <file name="scales.js" path="/home/higor/workspace/hc/scales/api/scales.js">
      <metrics statements="17" coveredstatements="17" conditionals="1" coveredconditionals="1" methods="5" coveredmethods="5"/>
      <line num="1" count="1" type="stmt"/>
      <line num="2" count="1" type="stmt"/>
      <line num="3" count="1" type="stmt"/>
      <line num="14" count="1" type="stmt"/>
      <line num="15" count="14" type="stmt"/>
      <line num="17" count="14" type="stmt"/>
      <line num="19" count="14" type="stmt"/>
      <line num="21" count="14" type="stmt"/>
      <line num="22" count="102" type="stmt"/>
      <line num="23" count="102" type="stmt"/>
      <line num="29" count="14" type="stmt"/>
      <line num="37" count="1" type="cond" truecount="1" falsecount="0"/>
      <line num="38" count="2" type="stmt"/>
      <line num="39" count="2" type="stmt"/>
      <line num="40" count="14" type="stmt"/>
      <line num="45" count="2" type="stmt"/>
      <line num="48" count="1" type="stmt"/>
    </file>
  </project>
</coverage>
