{"/home/higor/workspace/hc/scales/api/scaleUtils.js": {"path":"/home/higor/workspace/hc/scales/api/scaleUtils.js","statementMap":{"0":{"start":{"line":1,"column":14},"end":{"line":1,"column":79}},"1":{"start":{"line":3,"column":16},"end":{"line":16,"column":1}},"2":{"start":{"line":23,"column":21},"end":{"line":25,"column":1}},"3":{"start":{"line":24,"column":4},"end":{"line":24,"column":34}},"4":{"start":{"line":33,"column":18},"end":{"line":42,"column":1}},"5":{"start":{"line":34,"column":30},"end":{"line":34,"column":100}},"6":{"start":{"line":34,"column":63},"end":{"line":34,"column":98}},"7":{"start":{"line":35,"column":27},"end":{"line":35,"column":96}},"8":{"start":{"line":35,"column":60},"end":{"line":35,"column":94}},"9":{"start":{"line":37,"column":4},"end":{"line":39,"column":5}},"10":{"start":{"line":38,"column":8},"end":{"line":38,"column":40}},"11":{"start":{"line":41,"column":4},"end":{"line":41,"column":66}},"12":{"start":{"line":50,"column":28},"end":{"line":56,"column":1}},"13":{"start":{"line":51,"column":19},"end":{"line":51,"column":21}},"14":{"start":{"line":52,"column":4},"end":{"line":54,"column":5}},"15":{"start":{"line":52,"column":28},"end":{"line":52,"column":41}},"16":{"start":{"line":53,"column":8},"end":{"line":53,"column":74}},"17":{"start":{"line":53,"column":53},"end":{"line":53,"column":72}},"18":{"start":{"line":55,"column":4},"end":{"line":55,"column":19}},"19":{"start":{"line":58,"column":0},"end":{"line":58,"column":51}}},"fnMap":{"0":{"name":"(anonymous_0)","decl":{"start":{"line":23,"column":21},"end":{"line":23,"column":22}},"loc":{"start":{"line":23,"column":31},"end":{"line":25,"column":1}},"line":23},"1":{"name":"(anonymous_1)","decl":{"start":{"line":33,"column":18},"end":{"line":33,"column":19}},"loc":{"start":{"line":33,"column":49},"end":{"line":42,"column":1}},"line":33},"2":{"name":"(anonymous_2)","decl":{"start":{"line":34,"column":55},"end":{"line":34,"column":56}},"loc":{"start":{"line":34,"column":63},"end":{"line":34,"column":98}},"line":34},"3":{"name":"(anonymous_3)","decl":{"start":{"line":35,"column":52},"end":{"line":35,"column":53}},"loc":{"start":{"line":35,"column":60},"end":{"line":35,"column":94}},"line":35},"4":{"name":"(anonymous_4)","decl":{"start":{"line":50,"column":28},"end":{"line":50,"column":29}},"loc":{"start":{"line":50,"column":72},"end":{"line":56,"column":1}},"line":50},"5":{"name":"(anonymous_5)","decl":{"start":{"line":53,"column":45},"end":{"line":53,"column":46}},"loc":{"start":{"line":53,"column":53},"end":{"line":53,"column":72}},"line":53}},"branchMap":{"0":{"loc":{"start":{"line":37,"column":4},"end":{"line":39,"column":5}},"type":"if","locations":[{"start":{"line":37,"column":4},"end":{"line":39,"column":5}},{"start":{"line":37,"column":4},"end":{"line":39,"column":5}}],"line":37},"1":{"loc":{"start":{"line":50,"column":29},"end":{"line":50,"column":46}},"type":"default-arg","locations":[{"start":{"line":50,"column":45},"end":{"line":50,"column":46}}],"line":50},"2":{"loc":{"start":{"line":50,"column":48},"end":{"line":50,"column":67}},"type":"default-arg","locations":[{"start":{"line":50,"column":66},"end":{"line":50,"column":67}}],"line":50}},"s":{"0":2,"1":2,"2":2,"3":725,"4":2,"5":104,"6":111,"7":104,"8":614,"9":104,"10":1,"11":104,"12":2,"13":3,"14":3,"15":3,"16":7,"17":84,"18":3,"19":2},"f":{"0":725,"1":104,"2":111,"3":614,"4":3,"5":84},"b":{"0":[1,103],"1":[2],"2":[2]},"_coverageSchema":"1a1c01bbd47fc00a2c39e90264f33305004495a9","hash":"54348edb14cd1917fd5131cb2f20ef61d177bf34"}
,"/home/higor/workspace/hc/scales/api/scales.js": {"path":"/home/higor/workspace/hc/scales/api/scales.js","statementMap":{"0":{"start":{"line":1,"column":19},"end":{"line":1,"column":42}},"1":{"start":{"line":2,"column":20},"end":{"line":2,"column":48}},"2":{"start":{"line":3,"column":14},"end":{"line":3,"column":46}},"3":{"start":{"line":14,"column":22},"end":{"line":30,"column":1}},"4":{"start":{"line":15,"column":24},"end":{"line":15,"column":39}},"5":{"start":{"line":17,"column":28},"end":{"line":17,"column":108}},"6":{"start":{"line":17,"column":63},"end":{"line":17,"column":107}},"7":{"start":{"line":19,"column":18},"end":{"line":19,"column":20}},"8":{"start":{"line":21,"column":4},"end":{"line":27,"column":6}},"9":{"start":{"line":22,"column":24},"end":{"line":22,"column":59}},"10":{"start":{"line":23,"column":8},"end":{"line":26,"column":10}},"11":{"start":{"line":29,"column":4},"end":{"line":29,"column":16}},"12":{"start":{"line":37,"column":21},"end":{"line":46,"column":1}},"13":{"start":{"line":38,"column":22},"end":{"line":38,"column":24}},"14":{"start":{"line":39,"column":4},"end":{"line":44,"column":6}},"15":{"start":{"line":40,"column":8},"end":{"line":43,"column":10}},"16":{"start":{"line":45,"column":4},"end":{"line":45,"column":20}},"17":{"start":{"line":48,"column":0},"end":{"line":50,"column":1}}},"fnMap":{"0":{"name":"(anonymous_0)","decl":{"start":{"line":14,"column":22},"end":{"line":14,"column":23}},"loc":{"start":{"line":14,"column":38},"end":{"line":30,"column":1}},"line":14},"1":{"name":"(anonymous_1)","decl":{"start":{"line":17,"column":44},"end":{"line":17,"column":45}},"loc":{"start":{"line":17,"column":63},"end":{"line":17,"column":107}},"line":17},"2":{"name":"(anonymous_2)","decl":{"start":{"line":21,"column":24},"end":{"line":21,"column":25}},"loc":{"start":{"line":21,"column":37},"end":{"line":27,"column":5}},"line":21},"3":{"name":"(anonymous_3)","decl":{"start":{"line":37,"column":21},"end":{"line":37,"column":22}},"loc":{"start":{"line":37,"column":52},"end":{"line":46,"column":1}},"line":37},"4":{"name":"(anonymous_4)","decl":{"start":{"line":39,"column":18},"end":{"line":39,"column":19}},"loc":{"start":{"line":39,"column":26},"end":{"line":44,"column":5}},"line":39}},"branchMap":{"0":{"loc":{"start":{"line":37,"column":28},"end":{"line":37,"column":47}},"type":"default-arg","locations":[{"start":{"line":37,"column":36},"end":{"line":37,"column":47}}],"line":37}},"s":{"0":1,"1":1,"2":1,"3":1,"4":14,"5":14,"6":14,"7":14,"8":14,"9":102,"10":102,"11":14,"12":1,"13":2,"14":2,"15":14,"16":2,"17":1},"f":{"0":14,"1":14,"2":102,"3":2,"4":14},"b":{"0":[1]},"_coverageSchema":"1a1c01bbd47fc00a2c39e90264f33305004495a9","hash":"e236a066e908ec761a576674f046512366c8bea8"}
}
