TN:
SF:scaleUtils.js
FN:23,(anonymous_0)
FN:33,(anonymous_1)
FN:34,(anonymous_2)
FN:35,(anonymous_3)
FN:50,(anonymous_4)
FN:53,(anonymous_5)
FNF:6
FNH:6
FNDA:725,(anonymous_0)
FNDA:104,(anonymous_1)
FNDA:111,(anonymous_2)
FNDA:614,(anonymous_3)
FNDA:3,(anonymous_4)
FNDA:84,(anonymous_5)
DA:1,2
DA:3,2
DA:23,2
DA:24,725
DA:33,2
DA:34,111
DA:35,614
DA:37,104
DA:38,1
DA:41,104
DA:50,2
DA:51,3
DA:52,3
DA:53,84
DA:55,3
DA:58,2
LF:16
LH:16
BRDA:37,0,0,1
BRDA:37,0,1,103
BRDA:50,1,0,2
BRDA:50,2,0,2
BRF:4
BRH:4
end_of_record
TN:
SF:scales.js
FN:14,(anonymous_0)
FN:17,(anonymous_1)
FN:21,(anonymous_2)
FN:37,(anonymous_3)
FN:39,(anonymous_4)
FNF:5
FNH:5
FNDA:14,(anonymous_0)
FNDA:14,(anonymous_1)
FNDA:102,(anonymous_2)
FNDA:2,(anonymous_3)
FNDA:14,(anonymous_4)
DA:1,1
DA:2,1
DA:3,1
DA:14,1
DA:15,14
DA:17,14
DA:19,14
DA:21,14
DA:22,102
DA:23,102
DA:29,14
DA:37,1
DA:38,2
DA:39,2
DA:40,14
DA:45,2
DA:48,1
LF:17
LH:17
BRDA:37,0,0,1
BRF:1
BRH:1
end_of_record
